#
# There is insufficient memory for the Java Runtime Environment to continue.
# Native memory allocation (malloc) failed to allocate 1048576 bytes for AllocateHeap
# Possible reasons:
#   The system is out of physical RAM or swap space
#   The process is running with CompressedOops enabled, and the Java Heap may be blocking the growth of the native heap
# Possible solutions:
#   Reduce memory load on the system
#   Increase physical memory or swap space
#   Check if swap backing store is full
#   Decrease Java heap size (-Xmx/-Xms)
#   Decrease number of Java threads
#   Decrease Java thread stack sizes (-Xss)
#   Set larger code cache with -XX:ReservedCodeCacheSize=
#   JVM is running with Unscaled Compressed Oops mode in which the Java heap is
#     placed in the first 4GB address space. The Java Heap base address is the
#     maximum limit for the native heap growth. Please use -XX:HeapBaseMinAddress
#     to set the Java Heap base and to place the Java Heap above 4GB virtual address.
# This output file may be truncated or incomplete.
#
#  Out of Memory Error (memory/allocation.inline.hpp:61), pid=11804, tid=0x0000000000004fd8
#
# JRE version:  (8.0_333-b02) (build )
# Java VM: Java HotSpot(TM) 64-Bit Server VM (25.333-b02 mixed mode windows-amd64 compressed oops)
# Failed to write core dump. Minidumps are not enabled by default on client versions of Windows
#

---------------  T H R E A D  ---------------

Current thread (0x00000246fa728800):  JavaThread "Unknown thread" [_thread_in_vm, id=20440, stack(0x000000f177800000,0x000000f177900000)]

Stack: [0x000000f177800000,0x000000f177900000]
Native frames: (J=compiled Java code, j=interpreted, Vv=VM code, C=native code)
V  [jvm.dll+0x32fc49]
V  [jvm.dll+0x2761a2]
V  [jvm.dll+0x276e4d]
V  [jvm.dll+0x26d7f5]
V  [jvm.dll+0x509d]
V  [jvm.dll+0x3cafcc]
V  [jvm.dll+0x3c7337]
V  [jvm.dll+0xfd2ff]
V  [jvm.dll+0x20a8eb]
V  [jvm.dll+0x239417]
V  [jvm.dll+0x162e26]
C  [java.exe+0x2312]
C  [java.exe+0x15f54]
C  [KERNEL32.DLL+0x2e8d7]
C  [ntdll.dll+0x8c53c]


---------------  P R O C E S S  ---------------

Java Threads: ( => current thread )

Other Threads:

=>0x00000246fa728800 (exited) JavaThread "Unknown thread" [_thread_in_vm, id=20440, stack(0x000000f177800000,0x000000f177900000)]

VM state:not at safepoint (normal execution)

VM Mutex/Monitor currently owned by a thread: None

heap address: 0x00000000e0000000, size: 512 MB, Compressed Oops mode: 32-bit
Narrow klass base: 0x0000000000000000, Narrow klass shift: 3
Compressed class space size: 1073741824 Address: 0x0000000100000000

Heap:
 PSYoungGen      total 67072K, used 1157K [0x00000000f5580000, 0x00000000fa000000, 0x0000000100000000)
  eden space 57856K, 2% used [0x00000000f5580000,0x00000000f56a1488,0x00000000f8e00000)
  from space 9216K, 0% used [0x00000000f9700000,0x00000000f9700000,0x00000000fa000000)
  to   space 9216K, 0% used [0x00000000f8e00000,0x00000000f8e00000,0x00000000f9700000)
 ParOldGen       total 153088K, used 0K [0x00000000e0000000, 0x00000000e9580000, 0x00000000f5580000)
  object space 153088K, 0% used [0x00000000e0000000,0x00000000e0000000,0x00000000e9580000)
 Metaspace       used 778K, capacity 4480K, committed 4480K, reserved 1056768K
  class space    used 76K, capacity 384K, committed 384K, reserved 1048576K

Card table byte_map: [0x00000246fc500000,0x00000246fc610000] byte_map_base: 0x00000246fbe00000

Marking Bits: (ParMarkBitMap*) 0x000000005ed69030
 Begin Bits: [0x00000246fc6c0000, 0x00000246fcec0000)
 End Bits:   [0x00000246fcec0000, 0x00000246fd6c0000)

Polling page: 0x00000246fa6e0000

CodeCache: size=245760Kb used=328Kb max_used=328Kb free=245431Kb
 bounds [0x0000024680000000, 0x0000024680270000, 0x000002468f000000]
 total_blobs=57 nmethods=0 adapters=38
 compilation: enabled

Compilation events (0 events):
No events

GC Heap History (0 events):
No events

Deoptimization events (0 events):
No events

Classes redefined (0 events):
No events

Internal exceptions (0 events):
No events

Events (10 events):
Event: 0.692 loading class java/lang/Short
Event: 0.693 loading class java/lang/Short done
Event: 0.693 loading class java/lang/Integer
Event: 0.693 loading class java/lang/Integer done
Event: 0.693 loading class java/lang/Long
Event: 0.694 loading class java/lang/Long done
Event: 0.694 loading class java/lang/NullPointerException
Event: 0.694 loading class java/lang/NullPointerException done
Event: 0.694 loading class java/lang/ArithmeticException
Event: 0.694 loading class java/lang/ArithmeticException done


Dynamic libraries:
0x00007ff70e5b0000 - 0x00007ff70e5f7000 	C:\Program Files\Java\jdk1.8.0_333\jre\bin\java.exe
0x00007ffd8ed60000 - 0x00007ffd8efc8000 	C:\WINDOWS\SYSTEM32\ntdll.dll
0x00007ffd8db50000 - 0x00007ffd8dc19000 	C:\WINDOWS\System32\KERNEL32.DLL
0x00007ffd8c3a0000 - 0x00007ffd8c798000 	C:\WINDOWS\System32\KERNELBASE.dll
0x00007ffd8da90000 - 0x00007ffd8db44000 	C:\WINDOWS\System32\ADVAPI32.dll
0x00007ffd8cb00000 - 0x00007ffd8cba9000 	C:\WINDOWS\System32\msvcrt.dll
0x00007ffd8ea40000 - 0x00007ffd8eae6000 	C:\WINDOWS\System32\sechost.dll
0x00007ffd8e390000 - 0x00007ffd8e4a8000 	C:\WINDOWS\System32\RPCRT4.dll
0x00007ffd8eaf0000 - 0x00007ffd8ecb7000 	C:\WINDOWS\System32\USER32.dll
0x00007ffd8c0a0000 - 0x00007ffd8c0c7000 	C:\WINDOWS\System32\win32u.dll
0x00007ffd8ecc0000 - 0x00007ffd8eceb000 	C:\WINDOWS\System32\GDI32.dll
0x00007ffd8bf70000 - 0x00007ffd8c09c000 	C:\WINDOWS\System32\gdi32full.dll
0x00007ffd8ca50000 - 0x00007ffd8caf3000 	C:\WINDOWS\System32\msvcp_win.dll
0x00007ffd8c0d0000 - 0x00007ffd8c21b000 	C:\WINDOWS\System32\ucrtbase.dll
0x00007ffd77730000 - 0x00007ffd779c4000 	C:\WINDOWS\WinSxS\amd64_microsoft.windows.common-controls_6595b64144ccf1df_6.0.26100.7019_none_3e06ffa0e335b8a8\COMCTL32.dll
0x00007ffd8ea00000 - 0x00007ffd8ea31000 	C:\WINDOWS\System32\IMM32.DLL
0x00007ffd7df40000 - 0x00007ffd7df55000 	C:\Program Files\Java\jdk1.8.0_333\jre\bin\vcruntime140.dll
0x00007ffd56af0000 - 0x00007ffd56b8b000 	C:\Program Files\Java\jdk1.8.0_333\jre\bin\msvcp140.dll
0x000000005e580000 - 0x000000005ede1000 	C:\Program Files\Java\jdk1.8.0_333\jre\bin\server\jvm.dll
0x00007ffd8e1a0000 - 0x00007ffd8e1a8000 	C:\WINDOWS\System32\PSAPI.DLL
0x00007ffd7d120000 - 0x00007ffd7d12a000 	C:\WINDOWS\SYSTEM32\WSOCK32.dll
0x00007ffd853b0000 - 0x00007ffd853e5000 	C:\WINDOWS\SYSTEM32\WINMM.dll
0x00007ffd853a0000 - 0x00007ffd853ab000 	C:\WINDOWS\SYSTEM32\VERSION.dll
0x00007ffd8d350000 - 0x00007ffd8d3c4000 	C:\WINDOWS\System32\WS2_32.dll
0x00007ffd8ac70000 - 0x00007ffd8ac8b000 	C:\WINDOWS\SYSTEM32\kernel.appcore.dll
0x00007ffd7d110000 - 0x00007ffd7d120000 	C:\Program Files\Java\jdk1.8.0_333\jre\bin\verify.dll
0x00007ffd7ce30000 - 0x00007ffd7ce5b000 	C:\Program Files\Java\jdk1.8.0_333\jre\bin\java.dll
0x00007ffd7a750000 - 0x00007ffd7a768000 	C:\Program Files\Java\jdk1.8.0_333\jre\bin\zip.dll
0x00007ffd80230000 - 0x00007ffd80472000 	C:\WINDOWS\SYSTEM32\dbghelp.dll
0x00007ffd8e620000 - 0x00007ffd8e9ab000 	C:\WINDOWS\System32\combase.dll
0x00007ffd8e0b0000 - 0x00007ffd8e187000 	C:\WINDOWS\System32\OLEAUT32.dll
0x00007ffd8c910000 - 0x00007ffd8c9b5000 	C:\WINDOWS\System32\bcryptPrimitives.dll

VM Arguments:
jvm_args: -Xmx512M 
java_command: C:\Users\PVHASINI\AppData\Local\Temp\surefire2950435510526536571\surefirebooter-20251031082201540_3.jar C:\Users\PVHASINI\AppData\Local\Temp\surefire2950435510526536571 2025-10-31T08-22-01_079-jvmRun1 surefire-20251031082201540_1tmp surefire_0-20251031082201540_2tmp
java_class_path (initial): C:\Users\PVHASINI\AppData\Local\Temp\surefire2950435510526536571\surefirebooter-20251031082201540_3.jar
Launcher Type: SUN_STANDARD

Environment Variables:
JAVA_HOME=C:\Program Files\Java\jre1.8.0_333
JRE_HOME=C:\Program Files\Java\jre1.8.0_333
_JAVA_OPTIONS=-Xmx512M
PATH=C:/Users/PVHASINI/.p2/pool/plugins/org.eclipse.justj.openjdk.hotspot.jre.full.win32.x86_64_21.0.8.v20250724-1412/jre/bin/server;C:/Users/PVHASINI/.p2/pool/plugins/org.eclipse.justj.openjdk.hotspot.jre.full.win32.x86_64_21.0.8.v20250724-1412/jre/bin;C:\Program Files\Java\jdk1.8.0_333\bin;C:\Program Files\Java\jre1.8.0_333\bin;C:\apache-maven-3.9.11\bin;C:\Python313\Scripts\;C:\Python313\;C:\Program Files (x86)\Common Files\Oracle\Java\javapath;C:\WINDOWS\system32;C:\WINDOWS;C:\WINDOWS\System32\Wbem;C:\WINDOWS\System32\WindowsPowerShell\v1.0\;C:\WINDOWS\System32\OpenSSH\;C:\Program Files\dotnet\;C:\ProgramData\chocolatey\bin;C:\Program Files\nodejs;D:\maven\apache-maven-3.9.9-bin\apache-maven-3.9.9\bin;C:\Program Files\Git\cmd;C:\Program Files\PowerShell\7;C:\Users\PVHASINI\AppData\Local\Microsoft\WindowsApps;C:\Users\PVHASINI\AppData\Roaming\npm;C:\Program Files\JetBrains\IntelliJ IDEA Community Edition 2025.2\bin;C:\Users\PVHASINI\.dotnet\tools;C:\Program Files\PowerShell\7;C:\Program Files\PowerShell\7\;D:\Program Files\nodejs\;C:\Program Files\Microsoft SQL Server\150\Tools\Binn\;C:\Program Files\Microsoft SQL Server\Client SDK\ODBC\170\Tools\Binn\;C:\apache-maven-3.9.11\\bin;C:\apache-maven-3.9.11\;C:\Program Files\Java\jre1.8.0_333\lib;C:\Program Files\Java\jre1.8.0_333\bin;C:\Program Files\Java\jre1.8.0_333\bin;C:\Program Files\Java\jre1.8.0_333\bin;C:\Users\PVHASINI\AppData\Local\Microsoft\WindowsApps;C:\Program Files\nodejs;C:\Users\PVHASINI\AppData\Roaming\npm;C:\Users\PVHASINI\.dotnet\tools;C:\apache-maven-3.9.11\\bin;;C:\Users\PVHASINI\OneDrive\Desktop;
USERNAME=PVHASINI
OS=Windows_NT
PROCESSOR_IDENTIFIER=AMD64 Family 23 Model 24 Stepping 1, AuthenticAMD



---------------  S Y S T E M  ---------------

OS: Windows 11 , 64 bit Build 26100 (10.0.26100.7019)

CPU:total 8 (initial active 8) (8 cores per cpu, 1 threads per core) family 23 model 24 stepping 1, cmov, cx8, fxsr, mmx, sse, sse2, sse3, ssse3, sse4.1, sse4.2, popcnt, avx, avx2, aes, clmul, mmxext, 3dnowpref, lzcnt, sse4a, tsc, tscinvbit, tscinv, bmi1

Memory: 4k page, physical 14563596k(4727152k free), swap 14563596k(30156k free)

vm_info: Java HotSpot(TM) 64-Bit Server VM (25.333-b02) for windows-amd64 JRE (1.8.0_333-b02), built on Apr 25 2022 22:49:11 by "java_re" with MS VC++ 15.9 (VS2017)

time: Fri Oct 31 08:22:03 2025
timezone: India Standard Time
elapsed time: 1.755055 seconds (0d 0h 0m 1s)

